<?xml version="1.0" encoding="UTF-8"?>
<!-- Generated by org.testng.reporters.JUnitXMLReporter -->
<testsuite ignored="0" hostname="MT-3KFN6L3" failures="1" tests="10" name="Default test" time="18.599" errors="0" timestamp="2022-08-01T09:23:52 IST">
  <testcase classname="com.Mindtree.Runner.Runner" name="@AfterMethod exit" time="0.008">
    <failure type="org.openqa.selenium.WebDriverException" message="unknown error: unexpected command response
  (Session info: MicrosoftEdge=103.0.1264.77)
Build info: version: &amp;apos;3.141.59&amp;apos;, revision: &amp;apos;e82be7d358&amp;apos;, time: &amp;apos;2018-11-14T08:17:03&amp;apos;
System info: host: &amp;apos;MT-3KFN6L3&amp;apos;, ip: &amp;apos;192.168.43.65&amp;apos;, os.name: &amp;apos;Windows 10&amp;apos;, os.arch: &amp;apos;amd64&amp;apos;, os.version: &amp;apos;10.0&amp;apos;, java.version: &amp;apos;18.0.1&amp;apos;
Driver info: org.openqa.selenium.edge.EdgeDriver
Capabilities {acceptInsecureCerts: false, browserName: msedge, browserVersion: 103.0.1264.77, javascriptEnabled: true, ms:edgeOptions: {debuggerAddress: localhost:49905}, msedge: {msedgedriverVersion: 102.0.1245.44 (72efbf98e0b4..., userDataDir: C:\Users\M1089266\AppData\L...}, networkConnectionEnabled: false, pageLoadStrategy: normal, platform: WINDOWS, platformName: WINDOWS, proxy: Proxy(), setWindowRect: true, strictFileInteractability: false, timeouts: {implicit: 0, pageLoad: 300000, script: 30000}, unhandledPromptBehavior: dismiss and notify, webauthn:extension:credBlob: true, webauthn:extension:largeBlob: true, webauthn:virtualAuthenticators: true}
Session ID: b45a3551bb206bad651fad989528f0ab">
      <![CDATA[org.openqa.selenium.WebDriverException: unknown error: unexpected command response
  (Session info: MicrosoftEdge=103.0.1264.77)
Build info: version: '3.141.59', revision: 'e82be7d358', time: '2018-11-14T08:17:03'
System info: host: 'MT-3KFN6L3', ip: '192.168.43.65', os.name: 'Windows 10', os.arch: 'amd64', os.version: '10.0', java.version: '18.0.1'
Driver info: org.openqa.selenium.edge.EdgeDriver
Capabilities {acceptInsecureCerts: false, browserName: msedge, browserVersion: 103.0.1264.77, javascriptEnabled: true, ms:edgeOptions: {debuggerAddress: localhost:49905}, msedge: {msedgedriverVersion: 102.0.1245.44 (72efbf98e0b4..., userDataDir: C:\Users\M1089266\AppData\L...}, networkConnectionEnabled: false, pageLoadStrategy: normal, platform: WINDOWS, platformName: WINDOWS, proxy: Proxy(), setWindowRect: true, strictFileInteractability: false, timeouts: {implicit: 0, pageLoad: 300000, script: 30000}, unhandledPromptBehavior: dismiss and notify, webauthn:extension:credBlob: true, webauthn:extension:largeBlob: true, webauthn:virtualAuthenticators: true}
Session ID: b45a3551bb206bad651fad989528f0ab
at java.base/jdk.internal.reflect.DirectConstructorHandleAccessor.newInstance(DirectConstructorHandleAccessor.java:67)
at java.base/java.lang.reflect.Constructor.newInstanceWithCaller(Constructor.java:499)
at java.base/java.lang.reflect.Constructor.newInstance(Constructor.java:483)
at org.openqa.selenium.remote.http.W3CHttpResponseCodec.createException(W3CHttpResponseCodec.java:187)
at org.openqa.selenium.remote.http.W3CHttpResponseCodec.decode(W3CHttpResponseCodec.java:122)
at org.openqa.selenium.remote.http.W3CHttpResponseCodec.decode(W3CHttpResponseCodec.java:49)
at org.openqa.selenium.remote.HttpCommandExecutor.execute(HttpCommandExecutor.java:158)
at org.openqa.selenium.remote.service.DriverCommandExecutor.execute(DriverCommandExecutor.java:83)
at org.openqa.selenium.remote.RemoteWebDriver.execute(RemoteWebDriver.java:552)
at org.openqa.selenium.remote.RemoteWebDriver.execute(RemoteWebDriver.java:609)
at org.openqa.selenium.remote.RemoteWebDriver.getScreenshotAs(RemoteWebDriver.java:295)
at com.Mindtree.Utilities.Screenshots.screenshot(Screenshots.java:15)
at com.Mindtree.Runner.Runner.exit(Runner.java:223)
at java.base/jdk.internal.reflect.DirectMethodHandleAccessor.invoke(DirectMethodHandleAccessor.java:104)
at java.base/java.lang.reflect.Method.invoke(Method.java:577)
at org.testng.internal.MethodInvocationHelper.invokeMethod(MethodInvocationHelper.java:133)
at org.testng.internal.MethodInvocationHelper.invokeMethodConsideringTimeout(MethodInvocationHelper.java:62)
at org.testng.internal.ConfigInvoker.invokeConfigurationMethod(ConfigInvoker.java:385)
at org.testng.internal.ConfigInvoker.invokeConfigurations(ConfigInvoker.java:321)
at org.testng.internal.TestInvoker.runConfigMethods(TestInvoker.java:700)
at org.testng.internal.TestInvoker.runAfterGroupsConfigurations(TestInvoker.java:676)
at org.testng.internal.TestInvoker.invokeMethod(TestInvoker.java:660)
at org.testng.internal.TestInvoker.invokeTestMethod(TestInvoker.java:173)
at org.testng.internal.MethodRunner.runInSequence(MethodRunner.java:46)
at org.testng.internal.TestInvoker$MethodInvocationAgent.invoke(TestInvoker.java:824)
at org.testng.internal.TestInvoker.invokeTestMethods(TestInvoker.java:146)
at org.testng.internal.TestMethodWorker.invokeTestMethods(TestMethodWorker.java:146)
at org.testng.internal.TestMethodWorker.run(TestMethodWorker.java:128)
at java.base/java.util.ArrayList.forEach(ArrayList.java:1511)
at org.testng.TestRunner.privateRun(TestRunner.java:794)
at org.testng.TestRunner.run(TestRunner.java:596)
at org.testng.SuiteRunner.runTest(SuiteRunner.java:377)
at org.testng.SuiteRunner.runSequentially(SuiteRunner.java:371)
at org.testng.SuiteRunner.privateRun(SuiteRunner.java:332)
at org.testng.SuiteRunner.run(SuiteRunner.java:276)
at org.testng.SuiteRunnerWorker.runSuite(SuiteRunnerWorker.java:53)
at org.testng.SuiteRunnerWorker.run(SuiteRunnerWorker.java:96)
at org.testng.TestNG.runSuitesSequentially(TestNG.java:1212)
at org.testng.TestNG.runSuitesLocally(TestNG.java:1134)
at org.testng.TestNG.runSuites(TestNG.java:1063)
at org.testng.TestNG.run(TestNG.java:1031)
at org.testng.remote.AbstractRemoteTestNG.run(AbstractRemoteTestNG.java:115)
at org.testng.remote.RemoteTestNG.initAndRun(RemoteTestNG.java:251)
at org.testng.remote.RemoteTestNG.main(RemoteTestNG.java:77)
]]>
    </failure>
  </testcase> <!-- @AfterMethod exit -->
  <testcase classname="com.Mindtree.Runner.Runner" name="@BeforeMethod methods" time="-1.659326032009E9">
    <skipped/>
  </testcase> <!-- @BeforeMethod methods -->
  <testcase classname="com.Mindtree.Runner.Runner" name="@AfterMethod exit" time="-1.659326032017E9">
    <skipped/>
  </testcase> <!-- @AfterMethod exit -->
  <testcase classname="com.Mindtree.Runner.Runner" name="@BeforeMethod methods" time="-1.659326032019E9">
    <skipped/>
  </testcase> <!-- @BeforeMethod methods -->
  <testcase classname="com.Mindtree.Runner.Runner" name="@AfterMethod exit" time="-1.659326032026E9">
    <skipped/>
  </testcase> <!-- @AfterMethod exit -->
  <testcase classname="com.Mindtree.Runner.Runner" name="@BeforeMethod methods" time="-1.659326032028E9">
    <skipped/>
  </testcase> <!-- @BeforeMethod methods -->
  <testcase classname="com.Mindtree.Runner.Runner" name="@AfterMethod exit" time="-1.659326032034E9">
    <skipped/>
  </testcase> <!-- @AfterMethod exit -->
  <testcase classname="com.Mindtree.Runner.Runner" name="@BeforeMethod methods" time="-1.659326032037E9">
    <skipped/>
  </testcase> <!-- @BeforeMethod methods -->
  <testcase classname="com.Mindtree.Runner.Runner" name="@AfterMethod exit" time="-1.659326032043E9">
    <skipped/>
  </testcase> <!-- @AfterMethod exit -->
  <testcase classname="com.Mindtree.Runner.Runner" name="@BeforeMethod methods" time="-1.659326032045E9">
    <skipped/>
  </testcase> <!-- @BeforeMethod methods -->
  <testcase classname="com.Mindtree.Runner.Runner" name="@AfterMethod exit" time="-1.659326032051E9">
    <skipped/>
  </testcase> <!-- @AfterMethod exit -->
  <testcase classname="com.Mindtree.Runner.Runner" name="@BeforeMethod methods" time="-1.659326032052E9">
    <skipped/>
  </testcase> <!-- @BeforeMethod methods -->
  <testcase classname="com.Mindtree.Runner.Runner" name="@AfterMethod exit" time="-1.659326032062E9">
    <skipped/>
  </testcase> <!-- @AfterMethod exit -->
  <testcase classname="com.Mindtree.Runner.Runner" name="@BeforeMethod methods" time="-1.659326032065E9">
    <skipped/>
  </testcase> <!-- @BeforeMethod methods -->
  <testcase classname="com.Mindtree.Runner.Runner" name="@AfterMethod exit" time="-1.659326032072E9">
    <skipped/>
  </testcase> <!-- @AfterMethod exit -->
  <testcase classname="com.Mindtree.Runner.Runner" name="@BeforeMethod methods" time="-1.659326032077E9">
    <skipped/>
  </testcase> <!-- @BeforeMethod methods -->
  <testcase classname="com.Mindtree.Runner.Runner" name="@AfterMethod exit" time="-1.659326032082E9">
    <skipped/>
  </testcase> <!-- @AfterMethod exit -->
  <testcase classname="com.Mindtree.Runner.Runner" name="@BeforeMethod methods" time="-1.659326032083E9">
    <skipped/>
  </testcase> <!-- @BeforeMethod methods -->
  <testcase classname="com.Mindtree.Runner.Runner" name="@AfterMethod exit" time="-1.659326032089E9">
    <skipped/>
  </testcase> <!-- @AfterMethod exit -->
  <testcase classname="com.Mindtree.Runner.Runner" name="searchFunction" time="0.875">
    <failure type="org.openqa.selenium.WebDriverException" message="unknown error: unexpected command response
  (Session info: MicrosoftEdge=103.0.1264.77)
Build info: version: &amp;apos;3.141.59&amp;apos;, revision: &amp;apos;e82be7d358&amp;apos;, time: &amp;apos;2018-11-14T08:17:03&amp;apos;
System info: host: &amp;apos;MT-3KFN6L3&amp;apos;, ip: &amp;apos;192.168.43.65&amp;apos;, os.name: &amp;apos;Windows 10&amp;apos;, os.arch: &amp;apos;amd64&amp;apos;, os.version: &amp;apos;10.0&amp;apos;, java.version: &amp;apos;18.0.1&amp;apos;
Driver info: org.openqa.selenium.edge.EdgeDriver
Capabilities {acceptInsecureCerts: false, browserName: msedge, browserVersion: 103.0.1264.77, javascriptEnabled: true, ms:edgeOptions: {debuggerAddress: localhost:49905}, msedge: {msedgedriverVersion: 102.0.1245.44 (72efbf98e0b4..., userDataDir: C:\Users\M1089266\AppData\L...}, networkConnectionEnabled: false, pageLoadStrategy: normal, platform: WINDOWS, platformName: WINDOWS, proxy: Proxy(), setWindowRect: true, strictFileInteractability: false, timeouts: {implicit: 0, pageLoad: 300000, script: 30000}, unhandledPromptBehavior: dismiss and notify, webauthn:extension:credBlob: true, webauthn:extension:largeBlob: true, webauthn:virtualAuthenticators: true}
Session ID: b45a3551bb206bad651fad989528f0ab
*** Element info: {Using=xpath, value=//input[@type=&amp;apos;search&amp;apos;]}">
      <![CDATA[org.openqa.selenium.WebDriverException: unknown error: unexpected command response
  (Session info: MicrosoftEdge=103.0.1264.77)
Build info: version: '3.141.59', revision: 'e82be7d358', time: '2018-11-14T08:17:03'
System info: host: 'MT-3KFN6L3', ip: '192.168.43.65', os.name: 'Windows 10', os.arch: 'amd64', os.version: '10.0', java.version: '18.0.1'
Driver info: org.openqa.selenium.edge.EdgeDriver
Capabilities {acceptInsecureCerts: false, browserName: msedge, browserVersion: 103.0.1264.77, javascriptEnabled: true, ms:edgeOptions: {debuggerAddress: localhost:49905}, msedge: {msedgedriverVersion: 102.0.1245.44 (72efbf98e0b4..., userDataDir: C:\Users\M1089266\AppData\L...}, networkConnectionEnabled: false, pageLoadStrategy: normal, platform: WINDOWS, platformName: WINDOWS, proxy: Proxy(), setWindowRect: true, strictFileInteractability: false, timeouts: {implicit: 0, pageLoad: 300000, script: 30000}, unhandledPromptBehavior: dismiss and notify, webauthn:extension:credBlob: true, webauthn:extension:largeBlob: true, webauthn:virtualAuthenticators: true}
Session ID: b45a3551bb206bad651fad989528f0ab
*** Element info: {Using=xpath, value=//input[@type='search']}
at java.base/jdk.internal.reflect.DirectConstructorHandleAccessor.newInstance(DirectConstructorHandleAccessor.java:67)
at java.base/java.lang.reflect.Constructor.newInstanceWithCaller(Constructor.java:499)
at java.base/java.lang.reflect.Constructor.newInstance(Constructor.java:483)
at org.openqa.selenium.remote.http.W3CHttpResponseCodec.createException(W3CHttpResponseCodec.java:187)
at org.openqa.selenium.remote.http.W3CHttpResponseCodec.decode(W3CHttpResponseCodec.java:122)
at org.openqa.selenium.remote.http.W3CHttpResponseCodec.decode(W3CHttpResponseCodec.java:49)
at org.openqa.selenium.remote.HttpCommandExecutor.execute(HttpCommandExecutor.java:158)
at org.openqa.selenium.remote.service.DriverCommandExecutor.execute(DriverCommandExecutor.java:83)
at org.openqa.selenium.remote.RemoteWebDriver.execute(RemoteWebDriver.java:552)
at org.openqa.selenium.remote.RemoteWebDriver.findElement(RemoteWebDriver.java:323)
at org.openqa.selenium.remote.RemoteWebDriver.findElementByXPath(RemoteWebDriver.java:428)
at org.openqa.selenium.By$ByXPath.findElement(By.java:353)
at org.openqa.selenium.remote.RemoteWebDriver.findElement(RemoteWebDriver.java:315)
at com.Mindtree.UiStore.TiedpageLocators.<init>(TiedpageLocators.java:23)
at com.Mindtree.PageObject.TiedPageObject.enterTheText(TiedPageObject.java:17)
at com.Mindtree.Runner.Runner.searchFunction(Runner.java:75)
at java.base/jdk.internal.reflect.DirectMethodHandleAccessor.invoke(DirectMethodHandleAccessor.java:104)
at java.base/java.lang.reflect.Method.invoke(Method.java:577)
at org.testng.internal.MethodInvocationHelper.invokeMethod(MethodInvocationHelper.java:133)
at org.testng.internal.TestInvoker.invokeMethod(TestInvoker.java:598)
at org.testng.internal.TestInvoker.invokeTestMethod(TestInvoker.java:173)
at org.testng.internal.MethodRunner.runInSequence(MethodRunner.java:46)
at org.testng.internal.TestInvoker$MethodInvocationAgent.invoke(TestInvoker.java:824)
at org.testng.internal.TestInvoker.invokeTestMethods(TestInvoker.java:146)
at org.testng.internal.TestMethodWorker.invokeTestMethods(TestMethodWorker.java:146)
at org.testng.internal.TestMethodWorker.run(TestMethodWorker.java:128)
at java.base/java.util.ArrayList.forEach(ArrayList.java:1511)
at org.testng.TestRunner.privateRun(TestRunner.java:794)
at org.testng.TestRunner.run(TestRunner.java:596)
at org.testng.SuiteRunner.runTest(SuiteRunner.java:377)
at org.testng.SuiteRunner.runSequentially(SuiteRunner.java:371)
at org.testng.SuiteRunner.privateRun(SuiteRunner.java:332)
at org.testng.SuiteRunner.run(SuiteRunner.java:276)
at org.testng.SuiteRunnerWorker.runSuite(SuiteRunnerWorker.java:53)
at org.testng.SuiteRunnerWorker.run(SuiteRunnerWorker.java:96)
at org.testng.TestNG.runSuitesSequentially(TestNG.java:1212)
at org.testng.TestNG.runSuitesLocally(TestNG.java:1134)
at org.testng.TestNG.runSuites(TestNG.java:1063)
at org.testng.TestNG.run(TestNG.java:1031)
at org.testng.remote.AbstractRemoteTestNG.run(AbstractRemoteTestNG.java:115)
at org.testng.remote.RemoteTestNG.initAndRun(RemoteTestNG.java:251)
at org.testng.remote.RemoteTestNG.main(RemoteTestNG.java:77)
]]>
    </failure>
  </testcase> <!-- searchFunction -->
  <testcase classname="com.Mindtree.Runner.Runner" name="verifyTheProduct" time="0.0">
    <skipped/>
  </testcase> <!-- verifyTheProduct -->
  <testcase classname="com.Mindtree.Runner.Runner" name="shopProduct1" time="0.0">
    <skipped/>
  </testcase> <!-- shopProduct1 -->
  <testcase classname="com.Mindtree.Runner.Runner" name="shopProduct2" time="0.0">
    <skipped/>
  </testcase> <!-- shopProduct2 -->
  <testcase classname="com.Mindtree.Runner.Runner" name="shopProduct" time="0.0">
    <skipped/>
  </testcase> <!-- shopProduct -->
  <testcase classname="com.Mindtree.Runner.Runner" name="registerPage" time="0.0">
    <skipped/>
  </testcase> <!-- registerPage -->
  <testcase classname="com.Mindtree.Runner.Runner" name="createAccount" time="0.0">
    <skipped/>
  </testcase> <!-- createAccount -->
  <testcase classname="com.Mindtree.Runner.Runner" name="latestNews" time="0.0">
    <skipped/>
  </testcase> <!-- latestNews -->
  <testcase classname="com.Mindtree.Runner.Runner" name="commitments" time="0.0">
    <skipped/>
  </testcase> <!-- commitments -->
  <testcase classname="com.Mindtree.Runner.Runner" name="contactHelp" time="0.0">
    <skipped/>
  </testcase> <!-- contactHelp -->
</testsuite> <!-- Default test -->
